[18:28:48.970][info] [#0:/Users/magnus/.local/share/nvim/mason/packages/lua-language-server/libexec/main.lua:66]: Lua Lsp startup, root: 	/Users/magnus/.local/share/nvim/mason/packages/lua-language-server/libexec
[18:28:48.970][info] [#0:/Users/magnus/.local/share/nvim/mason/packages/lua-language-server/libexec/main.lua:67]: ROOT:	/Users/magnus/.local/share/nvim/mason/packages/lua-language-server/libexec
[18:28:48.970][info] [#0:/Users/magnus/.local/share/nvim/mason/packages/lua-language-server/libexec/main.lua:68]: LOGPATH:	/Users/magnus/.local/share/nvim/mason/packages/lua-language-server/libexec/log
[18:28:48.970][info] [#0:/Users/magnus/.local/share/nvim/mason/packages/lua-language-server/libexec/main.lua:69]: METAPATH:	/Users/magnus/.local/share/nvim/mason/packages/lua-language-server/libexec/meta
[18:28:48.970][info] [#0:/Users/magnus/.local/share/nvim/mason/packages/lua-language-server/libexec/main.lua:70]: VERSION:	3.6.18
[18:28:48.984][info] [#0:script/service/service.lua:144]: 
========= Medical Examination Report =========
    --------------- Memory ---------------
        Total: 2.112 MB
        # 00 : 2.112 MB
        # 01 : 0.000 MB
        # 02 : 0.000 MB
        # 03 : 0.000 MB
        # 04 : 0.000 MB
    --------------- Coroutine ---------------
        Total:     0
        Running:   0
        Suspended: 0
        Normal:    0
        Dead:      0
    --------------- Cache ---------------
        Total: 1
        Dead:  0
    ---------------  RPC  ---------------
        Holdon:   0
        Waiting:  0
==============================================
[18:28:48.986][info] [#0:script/client.lua:657]: Client init	{
  capabilities = {
    textDocument = {
      callHierarchy = {
        dynamicRegistration = false
      },
      codeAction = {
        codeActionLiteralSupport = {
          codeActionKind = {
            valueSet = { "", "quickfix", "refactor", "refactor.extract", "refactor.inline", "refactor.rewrite", "source", "source.organizeImports" }
          }
        },
        dataSupport = true,
        dynamicRegistration = false,
        isPreferredSupport = true,
        resolveSupport = {
          properties = { "edit" }
        }
      },
      completion = {
        completionItem = {
          commitCharactersSupport = false,
          deprecatedSupport = false,
          documentationFormat = { "markdown", "plaintext" },
          preselectSupport = false,
          snippetSupport = false
        },
        completionItemKind = {
          valueSet = { 1, 2, 3, 4, 5, 6, 7, 8, 9, 10, 11, 12, 13, 14, 15, 16, 17, 18, 19, 20, 21, 22, 23, 24, 25 }
        },
        contextSupport = false,
        dynamicRegistration = false
      },
      declaration = {
        linkSupport = true
      },
      definition = {
        linkSupport = true
      },
      documentHighlight = {
        dynamicRegistration = false
      },
      documentSymbol = {
        dynamicRegistration = false,
        hierarchicalDocumentSymbolSupport = true,
        symbolKind = {
          valueSet = { 1, 2, 3, 4, 5, 6, 7, 8, 9, 10, 11, 12, 13, 14, 15, 16, 17, 18, 19, 20, 21, 22, 23, 24, 25, 26 }
        }
      },
      hover = {
        contentFormat = { "markdown", "plaintext" },
        dynamicRegistration = false
      },
      implementation = {
        linkSupport = true
      },
      publishDiagnostics = {
        relatedInformation = true,
        tagSupport = {
          valueSet = { 1, 2 }
        }
      },
      references = {
        dynamicRegistration = false
      },
      rename = {
        dynamicRegistration = false,
        prepareSupport = true
      },
      semanticTokens = {
        augmentsSyntaxTokens = true,
        dynamicRegistration = false,
        formats = { "relative" },
        multilineTokenSupport = false,
        overlappingTokenSupport = true,
        requests = {
          full = {
            delta = true
          },
          range = false
        },
        serverCancelSupport = false,
        tokenModifiers = { "declaration", "definition", "readonly", "static", "deprecated", "abstract", "async", "modification", "documentation", "defaultLibrary" },
        tokenTypes = { "namespace", "type", "class", "enum", "interface", "struct", "typeParameter", "parameter", "variable", "property", "enumMember", "event", "function", "method", "macro", "keyword", "modifier", "comment", "string", "number", "regexp", "operator", "decorator" }
      },
      signatureHelp = {
        dynamicRegistration = false,
        signatureInformation = {
          activeParameterSupport = true,
          documentationFormat = { "markdown", "plaintext" },
          parameterInformation = {
            labelOffsetSupport = true
          }
        }
      },
      synchronization = {
        didSave = true,
        dynamicRegistration = false,
        willSave = true,
        willSaveWaitUntil = true
      },
      typeDefinition = {
        linkSupport = true
      }
    },
    window = {
      showDocument = {
        support = true
      },
      showMessage = {
        messageActionItem = {
          additionalPropertiesSupport = false
        }
      },
      workDoneProgress = true
    },
    workspace = {
      applyEdit = true,
      configuration = true,
      didChangeWatchedFiles = {
        dynamicRegistration = false,
        relativePatternSupport = true
      },
      semanticTokens = {
        refreshSupport = true
      },
      symbol = {
        dynamicRegistration = false,
        hierarchicalWorkspaceSymbolSupport = true,
        symbolKind = {
          valueSet = { 1, 2, 3, 4, 5, 6, 7, 8, 9, 10, 11, 12, 13, 14, 15, 16, 17, 18, 19, 20, 21, 22, 23, 24, 25, 26 }
        }
      },
      workspaceEdit = {
        resourceOperations = { "rename", "create", "delete" }
      },
      workspaceFolders = true
    }
  },
  clientInfo = {
    name = "Neovim",
    version = "0.9.0"
  },
  initializationOptions = {},
  processId = 76724,
  rootPath = "/Users/magnus/.config/nvim/lua/",
  rootUri = "file:///Users/magnus/.config/nvim/lua/",
  trace = "off",
  workspaceFolders = { {
      name = "/Users/magnus/.config/nvim/lua/",
      uri = "file:///Users/magnus/.config/nvim/lua/"
    } }
}
[18:28:48.986][info] [#0:script/language.lua:137]: VSC language: nil
[18:28:48.986][info] [#0:script/language.lua:138]: LS  language: en-us
[18:28:48.986][info] [#0:script/workspace/workspace.lua:38]: Workspace init root: 	file:///Users/magnus/.config/nvim/lua/
[18:28:48.987][info] [#0:script/workspace/workspace.lua:42]: Log path: 	/Users/magnus/.local/share/nvim/mason/packages/lua-language-server/libexec/log/file_Users_magnus_.config_nvim_lua_.log
[18:28:48.987][info] [#0:script/workspace/workspace.lua:48]: Workspace create: 	file:///Users/magnus/.config/nvim/lua/
[18:28:48.988][info] [#0:script/provider/provider.lua:46]: Load config from client	file:///Users/magnus/.config/nvim/lua/
[18:28:48.988][info] [#0:script/provider/provider.lua:47]: {
  Lua = {
    diagnostics = {
      globals = { "vim" }
    },
    runtime = {
      version = "LuaJIT"
    },
    telemetry = {
      enable = false
    }
  }
}
[18:28:48.988][info] [#0:script/provider/provider.lua:53]: Load config from .luarc.json/.luarc.jsonc	file:///Users/magnus/.config/nvim/lua/
[18:28:48.988][info] [#0:script/provider/provider.lua:54]: {
  ["$schema"] = "https://raw.githubusercontent.com/sumneko/vscode-lua/master/setting/schema.json",
  ["Lua.workspace.library"] = { "/home/magnus/.config/nvim", "/etc/xdg/nvim", "/home/magnus/.local/share/nvim/site", "/home/magnus/.local/share/nvim/site/pack/packer/start/LuaSnip", "/home/magnus/.local/share/nvim/site/pack/packer/start/cmp-buffer", "/home/magnus/.local/share/nvim/site/pack/packer/start/cmp-cmdline", "/home/magnus/.local/share/nvim/site/pack/packer/start/cmp-nvim-lsp", "/home/magnus/.local/share/nvim/site/pack/packer/start/cmp-path", "/home/magnus/.local/share/nvim/site/pack/packer/start/cmp_luasnip", "/home/magnus/.local/share/nvim/site/pack/packer/start/gruvbox.nvim", "/home/magnus/.local/share/nvim/site/pack/packer/start/kotlin-vim", "/home/magnus/.local/share/nvim/site/pack/packer/start/mason.nvim", "/home/magnus/.local/share/nvim/site/pack/packer/start/nvim-cmp", "/home/magnus/.local/share/nvim/site/pack/packer/start/nvim-jdtls", "/home/magnus/.local/share/nvim/site/pack/packer/start/nvim-lspconfig", "/home/magnus/.local/share/nvim/site/pack/packer/start/nvim-tree.lua", "/home/magnus/.local/share/nvim/site/pack/packer/start/nvim-web-devicons", "/usr/share/nvim/site", "/usr/share/nvim/site/pack/packer/start/packer.nvim", "/usr/share/nvim/runtime", "/usr/lib/nvim", "/home/magnus/.local/share/nvim/site/pack/packer/start/cmp-buffer/after", "/home/magnus/.local/share/nvim/site/pack/packer/start/cmp-cmdline/after", "/home/magnus/.local/share/nvim/site/pack/packer/start/cmp-nvim-lsp/after", "/home/magnus/.local/share/nvim/site/pack/packer/start/cmp-path/after", "/home/magnus/.local/share/nvim/site/pack/packer/start/cmp_luasnip/after", "/usr/share/vim/vimfiles", "${3rd}/luassert/library" }
}
[18:28:48.988][info] [#0:script/provider/provider.lua:46]: Load config from client	file:///Users/magnus/.config/nvim/lua/
[18:28:48.988][info] [#0:script/provider/provider.lua:47]: {
  Lua = {
    diagnostics = {
      globals = { "vim" }
    },
    runtime = {
      version = "LuaJIT"
    },
    telemetry = {
      enable = false
    }
  }
}
[18:28:48.988][info] [#0:script/provider/provider.lua:53]: Load config from .luarc.json/.luarc.jsonc	file:///Users/magnus/.config/nvim/lua/
[18:28:48.988][info] [#0:script/provider/provider.lua:54]: {
  ["$schema"] = "https://raw.githubusercontent.com/sumneko/vscode-lua/master/setting/schema.json",
  ["Lua.workspace.library"] = { "/home/magnus/.config/nvim", "/etc/xdg/nvim", "/home/magnus/.local/share/nvim/site", "/home/magnus/.local/share/nvim/site/pack/packer/start/LuaSnip", "/home/magnus/.local/share/nvim/site/pack/packer/start/cmp-buffer", "/home/magnus/.local/share/nvim/site/pack/packer/start/cmp-cmdline", "/home/magnus/.local/share/nvim/site/pack/packer/start/cmp-nvim-lsp", "/home/magnus/.local/share/nvim/site/pack/packer/start/cmp-path", "/home/magnus/.local/share/nvim/site/pack/packer/start/cmp_luasnip", "/home/magnus/.local/share/nvim/site/pack/packer/start/gruvbox.nvim", "/home/magnus/.local/share/nvim/site/pack/packer/start/kotlin-vim", "/home/magnus/.local/share/nvim/site/pack/packer/start/mason.nvim", "/home/magnus/.local/share/nvim/site/pack/packer/start/nvim-cmp", "/home/magnus/.local/share/nvim/site/pack/packer/start/nvim-jdtls", "/home/magnus/.local/share/nvim/site/pack/packer/start/nvim-lspconfig", "/home/magnus/.local/share/nvim/site/pack/packer/start/nvim-tree.lua", "/home/magnus/.local/share/nvim/site/pack/packer/start/nvim-web-devicons", "/usr/share/nvim/site", "/usr/share/nvim/site/pack/packer/start/packer.nvim", "/usr/share/nvim/runtime", "/usr/lib/nvim", "/home/magnus/.local/share/nvim/site/pack/packer/start/cmp-buffer/after", "/home/magnus/.local/share/nvim/site/pack/packer/start/cmp-cmdline/after", "/home/magnus/.local/share/nvim/site/pack/packer/start/cmp-nvim-lsp/after", "/home/magnus/.local/share/nvim/site/pack/packer/start/cmp-path/after", "/home/magnus/.local/share/nvim/site/pack/packer/start/cmp_luasnip/after", "/usr/share/vim/vimfiles", "${3rd}/luassert/library" }
}
[18:28:48.988][info] [#0:script/provider/provider.lua:46]: Load config from client	file:///Users/magnus/.config/nvim/lua/
[18:28:48.989][info] [#0:script/provider/provider.lua:47]: {
  Lua = {
    diagnostics = {
      globals = { "vim" }
    },
    runtime = {
      version = "LuaJIT"
    },
    telemetry = {
      enable = false
    }
  }
}
[18:28:48.989][info] [#0:script/provider/provider.lua:53]: Load config from .luarc.json/.luarc.jsonc	file:///Users/magnus/.config/nvim/lua/
[18:28:48.989][info] [#0:script/provider/provider.lua:54]: {
  ["$schema"] = "https://raw.githubusercontent.com/sumneko/vscode-lua/master/setting/schema.json",
  ["Lua.workspace.library"] = { "/home/magnus/.config/nvim", "/etc/xdg/nvim", "/home/magnus/.local/share/nvim/site", "/home/magnus/.local/share/nvim/site/pack/packer/start/LuaSnip", "/home/magnus/.local/share/nvim/site/pack/packer/start/cmp-buffer", "/home/magnus/.local/share/nvim/site/pack/packer/start/cmp-cmdline", "/home/magnus/.local/share/nvim/site/pack/packer/start/cmp-nvim-lsp", "/home/magnus/.local/share/nvim/site/pack/packer/start/cmp-path", "/home/magnus/.local/share/nvim/site/pack/packer/start/cmp_luasnip", "/home/magnus/.local/share/nvim/site/pack/packer/start/gruvbox.nvim", "/home/magnus/.local/share/nvim/site/pack/packer/start/kotlin-vim", "/home/magnus/.local/share/nvim/site/pack/packer/start/mason.nvim", "/home/magnus/.local/share/nvim/site/pack/packer/start/nvim-cmp", "/home/magnus/.local/share/nvim/site/pack/packer/start/nvim-jdtls", "/home/magnus/.local/share/nvim/site/pack/packer/start/nvim-lspconfig", "/home/magnus/.local/share/nvim/site/pack/packer/start/nvim-tree.lua", "/home/magnus/.local/share/nvim/site/pack/packer/start/nvim-web-devicons", "/usr/share/nvim/site", "/usr/share/nvim/site/pack/packer/start/packer.nvim", "/usr/share/nvim/runtime", "/usr/lib/nvim", "/home/magnus/.local/share/nvim/site/pack/packer/start/cmp-buffer/after", "/home/magnus/.local/share/nvim/site/pack/packer/start/cmp-cmdline/after", "/home/magnus/.local/share/nvim/site/pack/packer/start/cmp-nvim-lsp/after", "/home/magnus/.local/share/nvim/site/pack/packer/start/cmp-path/after", "/home/magnus/.local/share/nvim/site/pack/packer/start/cmp_luasnip/after", "/usr/share/vim/vimfiles", "${3rd}/luassert/library" }
}
[18:28:48.989][info] [#0:script/provider/provider.lua:61]: Load config from client	fallback
[18:28:48.989][info] [#0:script/provider/provider.lua:62]: {
  Lua = {
    diagnostics = {
      globals = { "vim" }
    },
    runtime = {
      version = "LuaJIT"
    },
    telemetry = {
      enable = false
    }
  }
}
[18:28:48.989][info] [#0:script/library.lua:212]: Init builtin library at:	file:///Users/magnus/.config/nvim/lua/
[18:28:48.994][info] [#0:script/plugin.lua:86]: plugin path:	/Users/magnus/.config/nvim/lua
[18:28:48.994][warn] [#0:script/plugin.lua:101]: plugin not found:	/Users/magnus/.config/nvim/lua
[18:28:48.994][info] [#0:script/library.lua:212]: Init builtin library at:	nil
[18:28:48.999][info] [#0:script/provider/provider.lua:61]: Load config from client	fallback
[18:28:48.999][info] [#0:script/provider/provider.lua:62]: {
  Lua = {
    diagnostics = {
      globals = { "vim" }
    },
    runtime = {
      version = "LuaJIT"
    },
    telemetry = {
      enable = false
    }
  }
}
[18:28:48.999][info] [#0:script/provider/provider.lua:61]: Load config from client	fallback
[18:28:48.999][info] [#0:script/provider/provider.lua:62]: {
  Lua = {
    diagnostics = {
      globals = { "vim" }
    },
    runtime = {
      version = "LuaJIT"
    },
    telemetry = {
      enable = false
    }
  }
}
[18:28:49.105][info] [#0:script/workspace/workspace.lua:322]: Preload start:	file:///Users/magnus/.config/nvim/lua/
[18:28:49.378][info] [#0:script/workspace/workspace.lua:328]: Scan files at:	file:///Users/magnus/.config/nvim/lua/
[18:28:49.379][info] [#0:script/workspace/workspace.lua:322]: Preload start:	<fallback>
[18:28:49.381][info] [#0:script/workspace/workspace.lua:351]: Scan library at:	file:///Users/magnus/.local/share/nvim/mason/packages/lua-language-server/libexec/meta/LuaJIT%20en-us%20utf8/bit.lua
[18:28:49.382][info] [#0:script/workspace/workspace.lua:351]: Scan library at:	file:///Users/magnus/.local/share/nvim/mason/packages/lua-language-server/libexec/meta/LuaJIT%20en-us%20utf8/os.lua
[18:28:49.382][info] [#0:script/workspace/workspace.lua:351]: Scan library at:	file:///Users/magnus/.local/share/nvim/mason/packages/lua-language-server/libexec/meta/LuaJIT%20en-us%20utf8/table.lua
[18:28:49.382][info] [#0:script/workspace/workspace.lua:351]: Scan library at:	file:///Users/magnus/.local/share/nvim/mason/packages/lua-language-server/libexec/meta/LuaJIT%20en-us%20utf8/ffi.lua
[18:28:49.382][info] [#0:script/workspace/workspace.lua:351]: Scan library at:	file:///Users/magnus/.local/share/nvim/mason/packages/lua-language-server/libexec/meta/LuaJIT%20en-us%20utf8/table/new.lua
[18:28:49.383][info] [#0:script/workspace/workspace.lua:351]: Scan library at:	file:///Users/magnus/.local/share/nvim/mason/packages/lua-language-server/libexec/meta/LuaJIT%20en-us%20utf8/debug.lua
[18:28:49.383][info] [#0:script/workspace/workspace.lua:351]: Scan library at:	file:///Users/magnus/.local/share/nvim/mason/packages/lua-language-server/libexec/meta/LuaJIT%20en-us%20utf8/io.lua
[18:28:49.383][info] [#0:script/workspace/workspace.lua:351]: Scan library at:	file:///Users/magnus/.local/share/nvim/mason/packages/lua-language-server/libexec/meta/LuaJIT%20en-us%20utf8/builtin.lua
[18:28:49.383][info] [#0:script/workspace/workspace.lua:351]: Scan library at:	file:///Users/magnus/.local/share/nvim/mason/packages/lua-language-server/libexec/meta/LuaJIT%20en-us%20utf8/jit.lua
[18:28:49.383][info] [#0:script/workspace/workspace.lua:351]: Scan library at:	file:///Users/magnus/.local/share/nvim/mason/packages/lua-language-server/libexec/meta/LuaJIT%20en-us%20utf8/table/clear.lua
[18:28:49.383][info] [#0:script/workspace/workspace.lua:351]: Scan library at:	file:///Users/magnus/.local/share/nvim/mason/packages/lua-language-server/libexec/meta/LuaJIT%20en-us%20utf8/basic.lua
[18:28:49.383][info] [#0:script/workspace/workspace.lua:351]: Scan library at:	file:///Users/magnus/.local/share/nvim/mason/packages/lua-language-server/libexec/meta/LuaJIT%20en-us%20utf8/os.lua
[18:28:49.383][info] [#0:script/workspace/workspace.lua:351]: Scan library at:	file:///Users/magnus/.local/share/nvim/mason/packages/lua-language-server/libexec/meta/LuaJIT%20en-us%20utf8/string/buffer.lua
[18:28:49.383][info] [#0:script/workspace/workspace.lua:351]: Scan library at:	file:///Users/magnus/.local/share/nvim/mason/packages/lua-language-server/libexec/meta/LuaJIT%20en-us%20utf8/table.lua
[18:28:49.383][info] [#0:script/workspace/workspace.lua:351]: Scan library at:	file:///Users/magnus/.local/share/nvim/mason/packages/lua-language-server/libexec/meta/LuaJIT%20en-us%20utf8/math.lua
[18:28:49.383][info] [#0:script/workspace/workspace.lua:351]: Scan library at:	file:///Users/magnus/.local/share/nvim/mason/packages/lua-language-server/libexec/meta/LuaJIT%20en-us%20utf8/jit.lua
[18:28:49.383][info] [#0:script/workspace/workspace.lua:351]: Scan library at:	file:///Users/magnus/.local/share/nvim/mason/packages/lua-language-server/libexec/meta/LuaJIT%20en-us%20utf8/package.lua
[18:28:49.383][info] [#0:script/workspace/workspace.lua:351]: Scan library at:	file:///Users/magnus/.local/share/nvim/mason/packages/lua-language-server/libexec/meta/3rd/luassert/library
[18:28:49.384][info] [#0:script/workspace/workspace.lua:351]: Scan library at:	file:///Users/magnus/.local/share/nvim/mason/packages/lua-language-server/libexec/meta/LuaJIT%20en-us%20utf8/coroutine.lua
[18:28:49.384][info] [#0:script/workspace/workspace.lua:351]: Scan library at:	file:///Users/magnus/.local/share/nvim/mason/packages/lua-language-server/libexec/meta/LuaJIT%20en-us%20utf8/string.lua
[18:28:49.384][info] [#0:script/workspace/workspace.lua:351]: Scan library at:	file:///Users/magnus/.local/share/nvim/mason/packages/lua-language-server/libexec/meta/LuaJIT%20en-us%20utf8/debug.lua
[18:28:49.384][info] [#0:script/workspace/workspace.lua:351]: Scan library at:	file:///Users/magnus/.local/share/nvim/mason/packages/lua-language-server/libexec/meta/LuaJIT%20en-us%20utf8/builtin.lua
[18:28:49.384][info] [#0:script/workspace/workspace.lua:351]: Scan library at:	file:///Users/magnus/.local/share/nvim/mason/packages/lua-language-server/libexec/meta/LuaJIT%20en-us%20utf8/table/new.lua
[18:28:49.385][info] [#0:script/workspace/workspace.lua:351]: Scan library at:	file:///Users/magnus/.local/share/nvim/mason/packages/lua-language-server/libexec/meta/LuaJIT%20en-us%20utf8/string.lua
[18:28:49.385][info] [#0:script/workspace/workspace.lua:351]: Scan library at:	file:///Users/magnus/.local/share/nvim/mason/packages/lua-language-server/libexec/meta/LuaJIT%20en-us%20utf8/string/buffer.lua
[18:28:49.385][info] [#0:script/workspace/workspace.lua:351]: Scan library at:	file:///Users/magnus/.local/share/nvim/mason/packages/lua-language-server/libexec/meta/LuaJIT%20en-us%20utf8/io.lua
[18:28:49.385][info] [#0:script/workspace/workspace.lua:351]: Scan library at:	file:///Users/magnus/.local/share/nvim/mason/packages/lua-language-server/libexec/meta/LuaJIT%20en-us%20utf8/bit.lua
[18:28:49.385][info] [#0:script/workspace/workspace.lua:351]: Scan library at:	file:///Users/magnus/.local/share/nvim/mason/packages/lua-language-server/libexec/meta/LuaJIT%20en-us%20utf8/math.lua
[18:28:49.385][info] [#0:script/workspace/workspace.lua:351]: Scan library at:	file:///Users/magnus/.local/share/nvim/mason/packages/lua-language-server/libexec/meta/LuaJIT%20en-us%20utf8/ffi.lua
[18:28:49.385][info] [#0:script/workspace/workspace.lua:351]: Scan library at:	file:///Users/magnus/.local/share/nvim/mason/packages/lua-language-server/libexec/meta/LuaJIT%20en-us%20utf8/package.lua
[18:28:49.385][info] [#0:script/workspace/workspace.lua:351]: Scan library at:	file:///Users/magnus/.local/share/nvim/mason/packages/lua-language-server/libexec/meta/LuaJIT%20en-us%20utf8/coroutine.lua
[18:28:49.385][info] [#0:script/workspace/workspace.lua:351]: Scan library at:	file:///Users/magnus/.local/share/nvim/mason/packages/lua-language-server/libexec/meta/LuaJIT%20en-us%20utf8/basic.lua
[18:28:49.385][info] [#0:script/workspace/workspace.lua:351]: Scan library at:	file:///Users/magnus/.local/share/nvim/mason/packages/lua-language-server/libexec/meta/LuaJIT%20en-us%20utf8/table/clear.lua
[18:28:49.490][info] [#0:script/workspace/workspace.lua:377]: Found 16 files at:	<fallback>
[18:28:49.490][info] [#0:script/workspace/loading.lua:161]: Load files from disk:	<fallback>
[18:28:49.491][info] [#0:script/workspace/workspace.lua:377]: Found 33 files at:	file:///Users/magnus/.config/nvim/lua/
[18:28:49.491][info] [#0:script/workspace/loading.lua:161]: Load files from disk:	file:///Users/magnus/.config/nvim/lua/
[18:28:49.492][info] [#0:script/workspace/loading.lua:101]: Preload file at: file:///Users/magnus/.local/share/nvim/mason/packages/lua-language-server/libexec/meta/LuaJIT%20en-us%20utf8/string.lua , size = 6.284 KB
[18:28:49.501][info] [#0:script/workspace/loading.lua:113]: ++++As library of:	file:///Users/magnus/.local/share/nvim/mason/packages/lua-language-server/libexec/meta/LuaJIT%20en-us%20utf8/string.lua
[18:28:49.501][info] [#0:script/workspace/loading.lua:101]: Preload file at: file:///Users/magnus/.local/share/nvim/mason/packages/lua-language-server/libexec/meta/LuaJIT%20en-us%20utf8/coroutine.lua , size = 2.524 KB
[18:28:49.504][info] [#0:script/workspace/loading.lua:113]: ++++As library of:	file:///Users/magnus/.local/share/nvim/mason/packages/lua-language-server/libexec/meta/LuaJIT%20en-us%20utf8/coroutine.lua
[18:28:49.504][info] [#0:script/workspace/loading.lua:101]: Preload file at: file:///Users/magnus/.local/share/nvim/mason/packages/lua-language-server/libexec/meta/LuaJIT%20en-us%20utf8/table/clear.lua , size = 0.797 KB
[18:28:49.505][info] [#0:script/workspace/loading.lua:113]: ++++As library of:	file:///Users/magnus/.local/share/nvim/mason/packages/lua-language-server/libexec/meta/LuaJIT%20en-us%20utf8/table/clear.lua
[18:28:49.505][info] [#0:script/workspace/loading.lua:101]: Preload file at: file:///Users/magnus/.local/share/nvim/mason/packages/lua-language-server/libexec/meta/LuaJIT%20en-us%20utf8/basic.lua , size = 14.135 KB
[18:28:49.515][info] [#0:script/workspace/loading.lua:113]: ++++As library of:	file:///Users/magnus/.local/share/nvim/mason/packages/lua-language-server/libexec/meta/LuaJIT%20en-us%20utf8/basic.lua
[18:28:49.515][info] [#0:script/workspace/loading.lua:101]: Preload file at: file:///Users/magnus/.local/share/nvim/mason/packages/lua-language-server/libexec/meta/LuaJIT%20en-us%20utf8/package.lua , size = 2.699 KB
[18:28:49.516][info] [#0:script/workspace/loading.lua:113]: ++++As library of:	file:///Users/magnus/.local/share/nvim/mason/packages/lua-language-server/libexec/meta/LuaJIT%20en-us%20utf8/package.lua
[18:28:49.516][info] [#0:script/workspace/loading.lua:98]: Skip loaded file: file:///Users/magnus/.local/share/nvim/mason/packages/lua-language-server/libexec/meta/LuaJIT%20en-us%20utf8/coroutine.lua
[18:28:49.516][info] [#0:script/workspace/loading.lua:98]: Skip loaded file: file:///Users/magnus/.local/share/nvim/mason/packages/lua-language-server/libexec/meta/LuaJIT%20en-us%20utf8/package.lua
[18:28:49.516][info] [#0:script/workspace/loading.lua:101]: Preload file at: file:///Users/magnus/.local/share/nvim/mason/packages/lua-language-server/libexec/meta/LuaJIT%20en-us%20utf8/math.lua , size = 8.133 KB
[18:28:49.522][info] [#0:script/workspace/loading.lua:113]: ++++As library of:	file:///Users/magnus/.local/share/nvim/mason/packages/lua-language-server/libexec/meta/LuaJIT%20en-us%20utf8/math.lua
[18:28:49.522][info] [#0:script/workspace/loading.lua:101]: Preload file at: file:///Users/magnus/.local/share/nvim/mason/packages/lua-language-server/libexec/meta/LuaJIT%20en-us%20utf8/ffi.lua , size = 2.529 KB
[18:28:49.525][info] [#0:script/workspace/loading.lua:113]: ++++As library of:	file:///Users/magnus/.local/share/nvim/mason/packages/lua-language-server/libexec/meta/LuaJIT%20en-us%20utf8/ffi.lua
[18:28:49.525][info] [#0:script/workspace/loading.lua:101]: Preload file at: file:///Users/magnus/.local/share/nvim/mason/packages/lua-language-server/libexec/meta/LuaJIT%20en-us%20utf8/string/buffer.lua , size = 18.123 KB
[18:28:49.531][info] [#0:script/workspace/loading.lua:113]: ++++As library of:	file:///Users/magnus/.local/share/nvim/mason/packages/lua-language-server/libexec/meta/LuaJIT%20en-us%20utf8/string/buffer.lua
[18:28:49.531][info] [#0:script/workspace/loading.lua:98]: Skip loaded file: file:///Users/magnus/.local/share/nvim/mason/packages/lua-language-server/libexec/meta/LuaJIT%20en-us%20utf8/basic.lua
[18:28:49.531][info] [#0:script/workspace/loading.lua:98]: Skip loaded file: file:///Users/magnus/.local/share/nvim/mason/packages/lua-language-server/libexec/meta/LuaJIT%20en-us%20utf8/table/clear.lua
[18:28:49.531][info] [#0:script/workspace/loading.lua:98]: Skip loaded file: file:///Users/magnus/.local/share/nvim/mason/packages/lua-language-server/libexec/meta/LuaJIT%20en-us%20utf8/math.lua
[18:28:49.531][info] [#0:script/workspace/loading.lua:101]: Preload file at: file:///Users/magnus/.local/share/nvim/mason/packages/lua-language-server/libexec/meta/LuaJIT%20en-us%20utf8/jit.lua , size = 0.683 KB
[18:28:49.532][info] [#0:script/workspace/loading.lua:113]: ++++As library of:	file:///Users/magnus/.local/share/nvim/mason/packages/lua-language-server/libexec/meta/LuaJIT%20en-us%20utf8/jit.lua
[18:28:49.532][info] [#0:script/workspace/loading.lua:101]: Preload file at: file:///Users/magnus/.local/share/nvim/mason/packages/lua-language-server/libexec/meta/LuaJIT%20en-us%20utf8/bit.lua , size = 1.320 KB
[18:28:49.534][info] [#0:script/workspace/loading.lua:113]: ++++As library of:	file:///Users/magnus/.local/share/nvim/mason/packages/lua-language-server/libexec/meta/LuaJIT%20en-us%20utf8/bit.lua
[18:28:49.534][info] [#0:script/workspace/loading.lua:101]: Preload file at: file:///Users/magnus/.local/share/nvim/mason/packages/lua-language-server/libexec/meta/LuaJIT%20en-us%20utf8/builtin.lua , size = 0.302 KB
[18:28:49.534][info] [#0:script/workspace/loading.lua:113]: ++++As library of:	file:///Users/magnus/.local/share/nvim/mason/packages/lua-language-server/libexec/meta/LuaJIT%20en-us%20utf8/builtin.lua
[18:28:49.534][info] [#0:script/workspace/loading.lua:101]: Preload file at: file:///Users/magnus/.local/share/nvim/mason/packages/lua-language-server/libexec/meta/LuaJIT%20en-us%20utf8/io.lua , size = 6.364 KB
[18:28:49.538][info] [#0:script/workspace/loading.lua:113]: ++++As library of:	file:///Users/magnus/.local/share/nvim/mason/packages/lua-language-server/libexec/meta/LuaJIT%20en-us%20utf8/io.lua
[18:28:49.538][info] [#0:script/workspace/loading.lua:98]: Skip loaded file: file:///Users/magnus/.local/share/nvim/mason/packages/lua-language-server/libexec/meta/LuaJIT%20en-us%20utf8/io.lua
[18:28:49.538][info] [#0:script/workspace/loading.lua:98]: Skip loaded file: file:///Users/magnus/.local/share/nvim/mason/packages/lua-language-server/libexec/meta/LuaJIT%20en-us%20utf8/string/buffer.lua
[18:28:49.538][info] [#0:script/workspace/loading.lua:98]: Skip loaded file: file:///Users/magnus/.local/share/nvim/mason/packages/lua-language-server/libexec/meta/LuaJIT%20en-us%20utf8/string.lua
[18:28:49.538][info] [#0:script/workspace/loading.lua:101]: Preload file at: file:///Users/magnus/.local/share/nvim/mason/packages/lua-language-server/libexec/meta/LuaJIT%20en-us%20utf8/debug.lua , size = 7.310 KB
[18:28:49.542][info] [#0:script/workspace/loading.lua:113]: ++++As library of:	file:///Users/magnus/.local/share/nvim/mason/packages/lua-language-server/libexec/meta/LuaJIT%20en-us%20utf8/debug.lua
[18:28:49.542][info] [#0:script/workspace/loading.lua:101]: Preload file at: file:///Users/magnus/.local/share/nvim/mason/packages/lua-language-server/libexec/meta/LuaJIT%20en-us%20utf8/table/new.lua , size = 0.642 KB
[18:28:49.542][info] [#0:script/workspace/loading.lua:113]: ++++As library of:	file:///Users/magnus/.local/share/nvim/mason/packages/lua-language-server/libexec/meta/LuaJIT%20en-us%20utf8/table/new.lua
[18:28:49.542][info] [#0:script/workspace/loading.lua:98]: Skip loaded file: file:///Users/magnus/.local/share/nvim/mason/packages/lua-language-server/libexec/meta/LuaJIT%20en-us%20utf8/table/new.lua
[18:28:49.542][info] [#0:script/workspace/loading.lua:98]: Skip loaded file: file:///Users/magnus/.local/share/nvim/mason/packages/lua-language-server/libexec/meta/LuaJIT%20en-us%20utf8/builtin.lua
[18:28:49.542][info] [#0:script/workspace/loading.lua:98]: Skip loaded file: file:///Users/magnus/.local/share/nvim/mason/packages/lua-language-server/libexec/meta/LuaJIT%20en-us%20utf8/ffi.lua
[18:28:49.542][info] [#0:script/workspace/loading.lua:98]: Skip loaded file: file:///Users/magnus/.local/share/nvim/mason/packages/lua-language-server/libexec/meta/LuaJIT%20en-us%20utf8/debug.lua
[18:28:49.542][info] [#0:script/workspace/loading.lua:89]: Skip loaded file: file:///Users/magnus/.local/share/nvim/mason/packages/lua-language-server/libexec/meta/LuaJIT%20en-us%20utf8/bit.lua
[18:28:49.542][info] [#0:script/workspace/loading.lua:113]: ++++As library of:	file:///Users/magnus/.local/share/nvim/mason/packages/lua-language-server/libexec/meta/LuaJIT%20en-us%20utf8/bit.lua
[18:28:49.542][info] [#0:script/workspace/loading.lua:101]: Preload file at: file:///Users/magnus/.local/share/nvim/mason/packages/lua-language-server/libexec/meta/LuaJIT%20en-us%20utf8/table.lua , size = 4.230 KB
[18:28:49.545][info] [#0:script/workspace/loading.lua:113]: ++++As library of:	file:///Users/magnus/.local/share/nvim/mason/packages/lua-language-server/libexec/meta/LuaJIT%20en-us%20utf8/table.lua
[18:28:49.545][info] [#0:script/workspace/loading.lua:101]: Preload file at: file:///Users/magnus/.local/share/nvim/mason/packages/lua-language-server/libexec/meta/3rd/luassert/library/luassert/spy/d.lua , size = 4.270 KB
[18:28:49.548][info] [#0:script/workspace/loading.lua:113]: ++++As library of:	file:///Users/magnus/.local/share/nvim/mason/packages/lua-language-server/libexec/meta/3rd/luassert/library
[18:28:49.548][info] [#0:script/workspace/loading.lua:101]: Preload file at: file:///Users/magnus/.local/share/nvim/mason/packages/lua-language-server/libexec/meta/LuaJIT%20en-us%20utf8/os.lua , size = 4.347 KB
[18:28:49.550][info] [#0:script/workspace/loading.lua:113]: ++++As library of:	file:///Users/magnus/.local/share/nvim/mason/packages/lua-language-server/libexec/meta/LuaJIT%20en-us%20utf8/os.lua
[18:28:49.550][info] [#0:script/workspace/loading.lua:101]: Preload file at: file:///Users/magnus/.local/share/nvim/mason/packages/lua-language-server/libexec/meta/3rd/luassert/library/luassert/array.lua , size = 0.327 KB
[18:28:49.550][info] [#0:script/workspace/loading.lua:113]: ++++As library of:	file:///Users/magnus/.local/share/nvim/mason/packages/lua-language-server/libexec/meta/3rd/luassert/library
[18:28:49.550][info] [#0:script/workspace/loading.lua:173]: Loaded files takes [0.063] sec: <fallback>
[18:28:49.550][info] [#0:script/workspace/loading.lua:182]: Compile files takes [0.000] sec: <fallback>
[18:28:49.550][info] [#0:script/workspace/loading.lua:183]: Loaded finish:	<fallback>
[18:28:49.550][info] [#0:script/workspace/workspace.lua:379]: Preload finish at:	<fallback>
[18:28:49.555][info] [#0:script/workspace/loading.lua:101]: Preload file at: file:///Users/magnus/.local/share/nvim/mason/packages/lua-language-server/libexec/meta/3rd/luassert/library/luassert/spy.lua , size = 2.278 KB
[18:28:49.556][info] [#0:script/workspace/loading.lua:113]: ++++As library of:	file:///Users/magnus/.local/share/nvim/mason/packages/lua-language-server/libexec/meta/3rd/luassert/library
[18:28:49.556][info] [#0:script/workspace/loading.lua:101]: Preload file at: file:///Users/magnus/.local/share/nvim/mason/packages/lua-language-server/libexec/meta/3rd/luassert/library/luassert/mock.lua , size = 1.150 KB
[18:28:49.557][info] [#0:script/workspace/loading.lua:113]: ++++As library of:	file:///Users/magnus/.local/share/nvim/mason/packages/lua-language-server/libexec/meta/3rd/luassert/library
[18:28:49.557][info] [#0:script/workspace/loading.lua:101]: Preload file at: file:///Users/magnus/.local/share/nvim/mason/packages/lua-language-server/libexec/meta/3rd/luassert/library/luassert/match.lua , size = 11.843 KB
[18:28:49.562][info] [#0:script/workspace/loading.lua:113]: ++++As library of:	file:///Users/magnus/.local/share/nvim/mason/packages/lua-language-server/libexec/meta/3rd/luassert/library
[18:28:49.562][info] [#0:script/workspace/loading.lua:101]: Preload file at: file:///Users/magnus/.local/share/nvim/mason/packages/lua-language-server/libexec/meta/3rd/luassert/library/luassert/stub.lua , size = 1.865 KB
[18:28:49.563][info] [#0:script/workspace/loading.lua:113]: ++++As library of:	file:///Users/magnus/.local/share/nvim/mason/packages/lua-language-server/libexec/meta/3rd/luassert/library
[18:28:49.563][info] [#0:script/workspace/loading.lua:89]: Skip loaded file: file:///Users/magnus/.local/share/nvim/mason/packages/lua-language-server/libexec/meta/LuaJIT%20en-us%20utf8/jit.lua
[18:28:49.563][info] [#0:script/workspace/loading.lua:113]: ++++As library of:	file:///Users/magnus/.local/share/nvim/mason/packages/lua-language-server/libexec/meta/LuaJIT%20en-us%20utf8/jit.lua
[18:28:49.563][info] [#0:script/workspace/loading.lua:89]: Skip loaded file: file:///Users/magnus/.local/share/nvim/mason/packages/lua-language-server/libexec/meta/LuaJIT%20en-us%20utf8/table.lua
[18:28:49.563][info] [#0:script/workspace/loading.lua:113]: ++++As library of:	file:///Users/magnus/.local/share/nvim/mason/packages/lua-language-server/libexec/meta/LuaJIT%20en-us%20utf8/table.lua
[18:28:49.563][info] [#0:script/workspace/loading.lua:101]: Preload file at: file:///Users/magnus/.local/share/nvim/mason/packages/lua-language-server/libexec/meta/3rd/luassert/library/luassert.lua , size = 14.182 KB
[18:28:49.566][info] [#0:script/workspace/loading.lua:113]: ++++As library of:	file:///Users/magnus/.local/share/nvim/mason/packages/lua-language-server/libexec/meta/3rd/luassert/library
[18:28:49.566][info] [#0:script/workspace/loading.lua:89]: Skip loaded file: file:///Users/magnus/.local/share/nvim/mason/packages/lua-language-server/libexec/meta/LuaJIT%20en-us%20utf8/os.lua
[18:28:49.566][info] [#0:script/workspace/loading.lua:113]: ++++As library of:	file:///Users/magnus/.local/share/nvim/mason/packages/lua-language-server/libexec/meta/LuaJIT%20en-us%20utf8/os.lua
[18:28:49.566][info] [#0:script/workspace/loading.lua:101]: Preload file at: file:///Users/magnus/.config/nvim/lua/config/settings.lua , size = 1.233 KB
[18:28:49.567][info] [#0:script/workspace/loading.lua:101]: Preload file at: file:///Users/magnus/.config/nvim/lua/config/keybinds.lua , size = 0.487 KB
[18:28:49.567][info] [#0:script/workspace/loading.lua:101]: Preload file at: file:///Users/magnus/.config/nvim/lua/config/telescope.lua , size = 0.256 KB
[18:28:49.568][info] [#0:script/workspace/loading.lua:101]: Preload file at: file:///Users/magnus/.config/nvim/lua/config/plugins.lua , size = 0.732 KB
[18:28:49.568][info] [#0:script/workspace/loading.lua:101]: Preload file at: file:///Users/magnus/.config/nvim/lua/config/lsp/init.lua , size = 0.078 KB
[18:28:49.568][info] [#0:script/workspace/loading.lua:101]: Preload file at: file:///Users/magnus/.config/nvim/lua/config/lsp/config/settings.lua , size = 2.783 KB
[18:28:49.569][info] [#0:script/workspace/loading.lua:101]: Preload file at: file:///Users/magnus/.config/nvim/lua/config/lsp/config/autocomplete.lua , size = 1.667 KB
[18:28:49.677][info] [#0:script/workspace/loading.lua:101]: Preload file at: file:///Users/magnus/.config/nvim/lua/config/comment.lua , size = 0.106 KB
[18:28:49.678][info] [#0:script/workspace/loading.lua:101]: Preload file at: file:///Users/magnus/.config/nvim/lua/config/mason.lua , size = 0.024 KB
[18:28:49.678][info] [#0:script/workspace/loading.lua:101]: Preload file at: file:///Users/magnus/.config/nvim/lua/config/tree.lua , size = 0.641 KB
[18:28:49.807][info] [#0:script/workspace/loading.lua:173]: Loaded files takes [0.110] sec: file:///Users/magnus/.config/nvim/lua/
[18:28:49.807][info] [#0:script/workspace/loading.lua:182]: Compile files takes [0.000] sec: file:///Users/magnus/.config/nvim/lua/
[18:28:49.807][info] [#0:script/workspace/loading.lua:183]: Loaded finish:	file:///Users/magnus/.config/nvim/lua/
[18:28:49.808][info] [#0:script/workspace/workspace.lua:379]: Preload finish at:	file:///Users/magnus/.config/nvim/lua/
[18:28:49.925][info] [#0:script/provider/diagnostic.lua:557]: Diagnostics scope [file:///Users/magnus/.config/nvim/lua/], files count:[33]
[18:28:49.984][info] [#0:script/provider/diagnostic.lua:574]: Diagnostics scope [file:///Users/magnus/.config/nvim/lua/] finished, takes [0.059] sec.
[18:28:53.739][info] [#0:script/workspace/workspace.lua:48]: Workspace create: 	file:///Users/magnus/.config/nvim/lua
[18:28:53.741][info] [#0:script/provider/provider.lua:46]: Load config from client	file:///Users/magnus/.config/nvim/lua/
[18:28:53.741][info] [#0:script/provider/provider.lua:47]: {
  Lua = {
    diagnostics = {
      globals = { "vim" }
    },
    runtime = {
      version = "LuaJIT"
    },
    telemetry = {
      enable = false
    }
  }
}
[18:28:53.741][info] [#0:script/provider/provider.lua:53]: Load config from .luarc.json/.luarc.jsonc	file:///Users/magnus/.config/nvim/lua/
[18:28:53.741][info] [#0:script/provider/provider.lua:54]: {
  ["$schema"] = "https://raw.githubusercontent.com/sumneko/vscode-lua/master/setting/schema.json",
  ["Lua.workspace.library"] = { "/home/magnus/.config/nvim", "/etc/xdg/nvim", "/home/magnus/.local/share/nvim/site", "/home/magnus/.local/share/nvim/site/pack/packer/start/LuaSnip", "/home/magnus/.local/share/nvim/site/pack/packer/start/cmp-buffer", "/home/magnus/.local/share/nvim/site/pack/packer/start/cmp-cmdline", "/home/magnus/.local/share/nvim/site/pack/packer/start/cmp-nvim-lsp", "/home/magnus/.local/share/nvim/site/pack/packer/start/cmp-path", "/home/magnus/.local/share/nvim/site/pack/packer/start/cmp_luasnip", "/home/magnus/.local/share/nvim/site/pack/packer/start/gruvbox.nvim", "/home/magnus/.local/share/nvim/site/pack/packer/start/kotlin-vim", "/home/magnus/.local/share/nvim/site/pack/packer/start/mason.nvim", "/home/magnus/.local/share/nvim/site/pack/packer/start/nvim-cmp", "/home/magnus/.local/share/nvim/site/pack/packer/start/nvim-jdtls", "/home/magnus/.local/share/nvim/site/pack/packer/start/nvim-lspconfig", "/home/magnus/.local/share/nvim/site/pack/packer/start/nvim-tree.lua", "/home/magnus/.local/share/nvim/site/pack/packer/start/nvim-web-devicons", "/usr/share/nvim/site", "/usr/share/nvim/site/pack/packer/start/packer.nvim", "/usr/share/nvim/runtime", "/usr/lib/nvim", "/home/magnus/.local/share/nvim/site/pack/packer/start/cmp-buffer/after", "/home/magnus/.local/share/nvim/site/pack/packer/start/cmp-cmdline/after", "/home/magnus/.local/share/nvim/site/pack/packer/start/cmp-nvim-lsp/after", "/home/magnus/.local/share/nvim/site/pack/packer/start/cmp-path/after", "/home/magnus/.local/share/nvim/site/pack/packer/start/cmp_luasnip/after", "/usr/share/vim/vimfiles", "${3rd}/luassert/library" }
}
[18:28:53.752][info] [#0:script/provider/provider.lua:46]: Load config from client	file:///Users/magnus/.config/nvim/lua
[18:28:53.752][info] [#0:script/provider/provider.lua:47]: {
  Lua = {
    diagnostics = {
      globals = { "vim" }
    },
    runtime = {
      version = "LuaJIT"
    },
    telemetry = {
      enable = false
    }
  }
}
[18:28:53.752][info] [#0:script/provider/provider.lua:53]: Load config from .luarc.json/.luarc.jsonc	file:///Users/magnus/.config/nvim/lua
[18:28:53.753][info] [#0:script/provider/provider.lua:54]: {
  ["$schema"] = "https://raw.githubusercontent.com/sumneko/vscode-lua/master/setting/schema.json",
  ["Lua.workspace.library"] = { "/home/magnus/.config/nvim", "/etc/xdg/nvim", "/home/magnus/.local/share/nvim/site", "/home/magnus/.local/share/nvim/site/pack/packer/start/LuaSnip", "/home/magnus/.local/share/nvim/site/pack/packer/start/cmp-buffer", "/home/magnus/.local/share/nvim/site/pack/packer/start/cmp-cmdline", "/home/magnus/.local/share/nvim/site/pack/packer/start/cmp-nvim-lsp", "/home/magnus/.local/share/nvim/site/pack/packer/start/cmp-path", "/home/magnus/.local/share/nvim/site/pack/packer/start/cmp_luasnip", "/home/magnus/.local/share/nvim/site/pack/packer/start/gruvbox.nvim", "/home/magnus/.local/share/nvim/site/pack/packer/start/kotlin-vim", "/home/magnus/.local/share/nvim/site/pack/packer/start/mason.nvim", "/home/magnus/.local/share/nvim/site/pack/packer/start/nvim-cmp", "/home/magnus/.local/share/nvim/site/pack/packer/start/nvim-jdtls", "/home/magnus/.local/share/nvim/site/pack/packer/start/nvim-lspconfig", "/home/magnus/.local/share/nvim/site/pack/packer/start/nvim-tree.lua", "/home/magnus/.local/share/nvim/site/pack/packer/start/nvim-web-devicons", "/usr/share/nvim/site", "/usr/share/nvim/site/pack/packer/start/packer.nvim", "/usr/share/nvim/runtime", "/usr/lib/nvim", "/home/magnus/.local/share/nvim/site/pack/packer/start/cmp-buffer/after", "/home/magnus/.local/share/nvim/site/pack/packer/start/cmp-cmdline/after", "/home/magnus/.local/share/nvim/site/pack/packer/start/cmp-nvim-lsp/after", "/home/magnus/.local/share/nvim/site/pack/packer/start/cmp-path/after", "/home/magnus/.local/share/nvim/site/pack/packer/start/cmp_luasnip/after", "/usr/share/vim/vimfiles", "${3rd}/luassert/library" }
}
[18:28:53.753][info] [#0:script/provider/provider.lua:61]: Load config from client	fallback
[18:28:53.753][info] [#0:script/provider/provider.lua:62]: {
  Lua = {
    diagnostics = {
      globals = { "vim" }
    },
    runtime = {
      version = "LuaJIT"
    },
    telemetry = {
      enable = false
    }
  }
}
[18:28:53.753][info] [#0:script/library.lua:212]: Init builtin library at:	file:///Users/magnus/.config/nvim/lua
[18:28:53.765][info] [#0:script/plugin.lua:86]: plugin path:	/Users/magnus/.config/nvim/lua
[18:28:53.765][warn] [#0:script/plugin.lua:101]: plugin not found:	/Users/magnus/.config/nvim/lua
[18:28:53.885][info] [#0:script/workspace/workspace.lua:322]: Preload start:	file:///Users/magnus/.config/nvim/lua
[18:28:54.155][info] [#0:script/workspace/workspace.lua:328]: Scan files at:	file:///Users/magnus/.config/nvim/lua
[18:28:54.181][info] [#0:script/workspace/workspace.lua:351]: Scan library at:	file:///Users/magnus/.local/share/nvim/mason/packages/lua-language-server/libexec/meta/LuaJIT%20en-us%20utf8/os.lua
[18:28:54.184][info] [#0:script/workspace/workspace.lua:351]: Scan library at:	file:///Users/magnus/.local/share/nvim/mason/packages/lua-language-server/libexec/meta/LuaJIT%20en-us%20utf8/table.lua
[18:28:54.187][info] [#0:script/workspace/workspace.lua:351]: Scan library at:	file:///Users/magnus/.local/share/nvim/mason/packages/lua-language-server/libexec/meta/LuaJIT%20en-us%20utf8/jit.lua
[18:28:54.187][info] [#0:script/workspace/workspace.lua:351]: Scan library at:	file:///Users/magnus/.local/share/nvim/mason/packages/lua-language-server/libexec/meta/3rd/luassert/library
[18:28:54.187][info] [#0:script/workspace/workspace.lua:351]: Scan library at:	file:///Users/magnus/.local/share/nvim/mason/packages/lua-language-server/libexec/meta/LuaJIT%20en-us%20utf8/debug.lua
[18:28:54.187][info] [#0:script/workspace/workspace.lua:351]: Scan library at:	file:///Users/magnus/.local/share/nvim/mason/packages/lua-language-server/libexec/meta/LuaJIT%20en-us%20utf8/builtin.lua
[18:28:54.187][info] [#0:script/workspace/workspace.lua:351]: Scan library at:	file:///Users/magnus/.local/share/nvim/mason/packages/lua-language-server/libexec/meta/LuaJIT%20en-us%20utf8/table/new.lua
[18:28:54.187][info] [#0:script/workspace/workspace.lua:351]: Scan library at:	file:///Users/magnus/.local/share/nvim/mason/packages/lua-language-server/libexec/meta/LuaJIT%20en-us%20utf8/string.lua
[18:28:54.188][info] [#0:script/workspace/workspace.lua:351]: Scan library at:	file:///Users/magnus/.local/share/nvim/mason/packages/lua-language-server/libexec/meta/LuaJIT%20en-us%20utf8/string/buffer.lua
[18:28:54.188][info] [#0:script/workspace/workspace.lua:351]: Scan library at:	file:///Users/magnus/.local/share/nvim/mason/packages/lua-language-server/libexec/meta/LuaJIT%20en-us%20utf8/io.lua
[18:28:54.188][info] [#0:script/workspace/workspace.lua:351]: Scan library at:	file:///Users/magnus/.local/share/nvim/mason/packages/lua-language-server/libexec/meta/LuaJIT%20en-us%20utf8/bit.lua
[18:28:54.188][info] [#0:script/workspace/workspace.lua:351]: Scan library at:	file:///Users/magnus/.local/share/nvim/mason/packages/lua-language-server/libexec/meta/LuaJIT%20en-us%20utf8/math.lua
[18:28:54.188][info] [#0:script/workspace/workspace.lua:351]: Scan library at:	file:///Users/magnus/.local/share/nvim/mason/packages/lua-language-server/libexec/meta/LuaJIT%20en-us%20utf8/ffi.lua
[18:28:54.188][info] [#0:script/workspace/workspace.lua:351]: Scan library at:	file:///Users/magnus/.local/share/nvim/mason/packages/lua-language-server/libexec/meta/LuaJIT%20en-us%20utf8/package.lua
[18:28:54.188][info] [#0:script/workspace/workspace.lua:351]: Scan library at:	file:///Users/magnus/.local/share/nvim/mason/packages/lua-language-server/libexec/meta/LuaJIT%20en-us%20utf8/coroutine.lua
[18:28:54.188][info] [#0:script/workspace/workspace.lua:351]: Scan library at:	file:///Users/magnus/.local/share/nvim/mason/packages/lua-language-server/libexec/meta/LuaJIT%20en-us%20utf8/basic.lua
[18:28:54.188][info] [#0:script/workspace/workspace.lua:351]: Scan library at:	file:///Users/magnus/.local/share/nvim/mason/packages/lua-language-server/libexec/meta/LuaJIT%20en-us%20utf8/table/clear.lua
[18:28:54.293][info] [#0:script/workspace/workspace.lua:377]: Found 33 files at:	file:///Users/magnus/.config/nvim/lua
[18:28:54.293][info] [#0:script/workspace/loading.lua:161]: Load files from disk:	file:///Users/magnus/.config/nvim/lua
[18:28:54.293][info] [#0:script/workspace/loading.lua:89]: Skip loaded file: file:///Users/magnus/.local/share/nvim/mason/packages/lua-language-server/libexec/meta/LuaJIT%20en-us%20utf8/table/clear.lua
[18:28:54.293][info] [#0:script/workspace/loading.lua:113]: ++++As library of:	file:///Users/magnus/.local/share/nvim/mason/packages/lua-language-server/libexec/meta/LuaJIT%20en-us%20utf8/table/clear.lua
[18:28:54.293][info] [#0:script/workspace/loading.lua:89]: Skip loaded file: file:///Users/magnus/.local/share/nvim/mason/packages/lua-language-server/libexec/meta/LuaJIT%20en-us%20utf8/basic.lua
[18:28:54.293][info] [#0:script/workspace/loading.lua:113]: ++++As library of:	file:///Users/magnus/.local/share/nvim/mason/packages/lua-language-server/libexec/meta/LuaJIT%20en-us%20utf8/basic.lua
[18:28:54.293][info] [#0:script/workspace/loading.lua:89]: Skip loaded file: file:///Users/magnus/.local/share/nvim/mason/packages/lua-language-server/libexec/meta/LuaJIT%20en-us%20utf8/coroutine.lua
[18:28:54.293][info] [#0:script/workspace/loading.lua:113]: ++++As library of:	file:///Users/magnus/.local/share/nvim/mason/packages/lua-language-server/libexec/meta/LuaJIT%20en-us%20utf8/coroutine.lua
[18:28:54.293][info] [#0:script/workspace/loading.lua:89]: Skip loaded file: file:///Users/magnus/.local/share/nvim/mason/packages/lua-language-server/libexec/meta/LuaJIT%20en-us%20utf8/package.lua
[18:28:54.293][info] [#0:script/workspace/loading.lua:113]: ++++As library of:	file:///Users/magnus/.local/share/nvim/mason/packages/lua-language-server/libexec/meta/LuaJIT%20en-us%20utf8/package.lua
[18:28:54.293][info] [#0:script/workspace/loading.lua:89]: Skip loaded file: file:///Users/magnus/.local/share/nvim/mason/packages/lua-language-server/libexec/meta/LuaJIT%20en-us%20utf8/ffi.lua
[18:28:54.293][info] [#0:script/workspace/loading.lua:113]: ++++As library of:	file:///Users/magnus/.local/share/nvim/mason/packages/lua-language-server/libexec/meta/LuaJIT%20en-us%20utf8/ffi.lua
[18:28:54.293][info] [#0:script/workspace/loading.lua:89]: Skip loaded file: file:///Users/magnus/.local/share/nvim/mason/packages/lua-language-server/libexec/meta/LuaJIT%20en-us%20utf8/math.lua
[18:28:54.293][info] [#0:script/workspace/loading.lua:113]: ++++As library of:	file:///Users/magnus/.local/share/nvim/mason/packages/lua-language-server/libexec/meta/LuaJIT%20en-us%20utf8/math.lua
[18:28:54.293][info] [#0:script/workspace/loading.lua:89]: Skip loaded file: file:///Users/magnus/.local/share/nvim/mason/packages/lua-language-server/libexec/meta/LuaJIT%20en-us%20utf8/bit.lua
[18:28:54.293][info] [#0:script/workspace/loading.lua:113]: ++++As library of:	file:///Users/magnus/.local/share/nvim/mason/packages/lua-language-server/libexec/meta/LuaJIT%20en-us%20utf8/bit.lua
[18:28:54.294][info] [#0:script/workspace/loading.lua:89]: Skip loaded file: file:///Users/magnus/.local/share/nvim/mason/packages/lua-language-server/libexec/meta/LuaJIT%20en-us%20utf8/io.lua
[18:28:54.294][info] [#0:script/workspace/loading.lua:113]: ++++As library of:	file:///Users/magnus/.local/share/nvim/mason/packages/lua-language-server/libexec/meta/LuaJIT%20en-us%20utf8/io.lua
[18:28:54.294][info] [#0:script/workspace/loading.lua:89]: Skip loaded file: file:///Users/magnus/.local/share/nvim/mason/packages/lua-language-server/libexec/meta/LuaJIT%20en-us%20utf8/string/buffer.lua
[18:28:54.294][info] [#0:script/workspace/loading.lua:113]: ++++As library of:	file:///Users/magnus/.local/share/nvim/mason/packages/lua-language-server/libexec/meta/LuaJIT%20en-us%20utf8/string/buffer.lua
[18:28:54.294][info] [#0:script/workspace/loading.lua:89]: Skip loaded file: file:///Users/magnus/.local/share/nvim/mason/packages/lua-language-server/libexec/meta/LuaJIT%20en-us%20utf8/string.lua
[18:28:54.294][info] [#0:script/workspace/loading.lua:113]: ++++As library of:	file:///Users/magnus/.local/share/nvim/mason/packages/lua-language-server/libexec/meta/LuaJIT%20en-us%20utf8/string.lua
[18:28:54.294][info] [#0:script/workspace/loading.lua:89]: Skip loaded file: file:///Users/magnus/.local/share/nvim/mason/packages/lua-language-server/libexec/meta/LuaJIT%20en-us%20utf8/table/new.lua
[18:28:54.294][info] [#0:script/workspace/loading.lua:113]: ++++As library of:	file:///Users/magnus/.local/share/nvim/mason/packages/lua-language-server/libexec/meta/LuaJIT%20en-us%20utf8/table/new.lua
[18:28:54.294][info] [#0:script/workspace/loading.lua:89]: Skip loaded file: file:///Users/magnus/.local/share/nvim/mason/packages/lua-language-server/libexec/meta/LuaJIT%20en-us%20utf8/builtin.lua
[18:28:54.294][info] [#0:script/workspace/loading.lua:113]: ++++As library of:	file:///Users/magnus/.local/share/nvim/mason/packages/lua-language-server/libexec/meta/LuaJIT%20en-us%20utf8/builtin.lua
[18:28:54.294][info] [#0:script/workspace/loading.lua:89]: Skip loaded file: file:///Users/magnus/.local/share/nvim/mason/packages/lua-language-server/libexec/meta/LuaJIT%20en-us%20utf8/debug.lua
[18:28:54.294][info] [#0:script/workspace/loading.lua:113]: ++++As library of:	file:///Users/magnus/.local/share/nvim/mason/packages/lua-language-server/libexec/meta/LuaJIT%20en-us%20utf8/debug.lua
[18:28:54.294][info] [#0:script/workspace/loading.lua:89]: Skip loaded file: file:///Users/magnus/.local/share/nvim/mason/packages/lua-language-server/libexec/meta/3rd/luassert/library/luassert/spy/d.lua
[18:28:54.294][info] [#0:script/workspace/loading.lua:113]: ++++As library of:	file:///Users/magnus/.local/share/nvim/mason/packages/lua-language-server/libexec/meta/3rd/luassert/library
[18:28:54.294][info] [#0:script/workspace/loading.lua:89]: Skip loaded file: file:///Users/magnus/.local/share/nvim/mason/packages/lua-language-server/libexec/meta/3rd/luassert/library/luassert/array.lua
[18:28:54.294][info] [#0:script/workspace/loading.lua:113]: ++++As library of:	file:///Users/magnus/.local/share/nvim/mason/packages/lua-language-server/libexec/meta/3rd/luassert/library
[18:28:54.294][info] [#0:script/workspace/loading.lua:89]: Skip loaded file: file:///Users/magnus/.local/share/nvim/mason/packages/lua-language-server/libexec/meta/3rd/luassert/library/luassert/spy.lua
[18:28:54.294][info] [#0:script/workspace/loading.lua:113]: ++++As library of:	file:///Users/magnus/.local/share/nvim/mason/packages/lua-language-server/libexec/meta/3rd/luassert/library
[18:28:54.294][info] [#0:script/workspace/loading.lua:89]: Skip loaded file: file:///Users/magnus/.local/share/nvim/mason/packages/lua-language-server/libexec/meta/3rd/luassert/library/luassert/mock.lua
[18:28:54.294][info] [#0:script/workspace/loading.lua:113]: ++++As library of:	file:///Users/magnus/.local/share/nvim/mason/packages/lua-language-server/libexec/meta/3rd/luassert/library
[18:28:54.294][info] [#0:script/workspace/loading.lua:89]: Skip loaded file: file:///Users/magnus/.local/share/nvim/mason/packages/lua-language-server/libexec/meta/3rd/luassert/library/luassert/match.lua
[18:28:54.294][info] [#0:script/workspace/loading.lua:113]: ++++As library of:	file:///Users/magnus/.local/share/nvim/mason/packages/lua-language-server/libexec/meta/3rd/luassert/library
[18:28:54.294][info] [#0:script/workspace/loading.lua:89]: Skip loaded file: file:///Users/magnus/.local/share/nvim/mason/packages/lua-language-server/libexec/meta/3rd/luassert/library/luassert/stub.lua
[18:28:54.294][info] [#0:script/workspace/loading.lua:113]: ++++As library of:	file:///Users/magnus/.local/share/nvim/mason/packages/lua-language-server/libexec/meta/3rd/luassert/library
[18:28:54.294][info] [#0:script/workspace/loading.lua:89]: Skip loaded file: file:///Users/magnus/.local/share/nvim/mason/packages/lua-language-server/libexec/meta/3rd/luassert/library/luassert.lua
[18:28:54.294][info] [#0:script/workspace/loading.lua:113]: ++++As library of:	file:///Users/magnus/.local/share/nvim/mason/packages/lua-language-server/libexec/meta/3rd/luassert/library
[18:28:54.294][info] [#0:script/workspace/loading.lua:89]: Skip loaded file: file:///Users/magnus/.local/share/nvim/mason/packages/lua-language-server/libexec/meta/LuaJIT%20en-us%20utf8/jit.lua
[18:28:54.294][info] [#0:script/workspace/loading.lua:113]: ++++As library of:	file:///Users/magnus/.local/share/nvim/mason/packages/lua-language-server/libexec/meta/LuaJIT%20en-us%20utf8/jit.lua
[18:28:54.294][info] [#0:script/workspace/loading.lua:89]: Skip loaded file: file:///Users/magnus/.local/share/nvim/mason/packages/lua-language-server/libexec/meta/LuaJIT%20en-us%20utf8/table.lua
[18:28:54.294][info] [#0:script/workspace/loading.lua:113]: ++++As library of:	file:///Users/magnus/.local/share/nvim/mason/packages/lua-language-server/libexec/meta/LuaJIT%20en-us%20utf8/table.lua
[18:28:54.294][info] [#0:script/workspace/loading.lua:89]: Skip loaded file: file:///Users/magnus/.local/share/nvim/mason/packages/lua-language-server/libexec/meta/LuaJIT%20en-us%20utf8/os.lua
[18:28:54.294][info] [#0:script/workspace/loading.lua:113]: ++++As library of:	file:///Users/magnus/.local/share/nvim/mason/packages/lua-language-server/libexec/meta/LuaJIT%20en-us%20utf8/os.lua
[18:28:54.294][info] [#0:script/workspace/loading.lua:89]: Skip loaded file: file:///Users/magnus/.config/nvim/lua/config/settings.lua
[18:28:54.294][info] [#0:script/workspace/loading.lua:89]: Skip loaded file: file:///Users/magnus/.config/nvim/lua/config/keybinds.lua
[18:28:54.294][info] [#0:script/workspace/loading.lua:89]: Skip loaded file: file:///Users/magnus/.config/nvim/lua/config/telescope.lua
[18:28:54.294][info] [#0:script/workspace/loading.lua:89]: Skip loaded file: file:///Users/magnus/.config/nvim/lua/config/plugins.lua
[18:28:54.294][info] [#0:script/workspace/loading.lua:89]: Skip loaded file: file:///Users/magnus/.config/nvim/lua/config/lsp/init.lua
[18:28:54.294][info] [#0:script/workspace/loading.lua:89]: Skip loaded file: file:///Users/magnus/.config/nvim/lua/config/lsp/config/settings.lua
[18:28:54.294][info] [#0:script/workspace/loading.lua:89]: Skip loaded file: file:///Users/magnus/.config/nvim/lua/config/lsp/config/autocomplete.lua
[18:28:54.294][info] [#0:script/workspace/loading.lua:89]: Skip loaded file: file:///Users/magnus/.config/nvim/lua/config/comment.lua
[18:28:54.294][info] [#0:script/workspace/loading.lua:89]: Skip loaded file: file:///Users/magnus/.config/nvim/lua/config/tree.lua
[18:28:54.294][info] [#0:script/workspace/loading.lua:89]: Skip loaded file: file:///Users/magnus/.config/nvim/lua/config/mason.lua
[18:28:54.294][info] [#0:script/workspace/loading.lua:173]: Loaded files takes [0.001] sec: file:///Users/magnus/.config/nvim/lua
[18:28:54.294][info] [#0:script/workspace/loading.lua:182]: Compile files takes [0.000] sec: file:///Users/magnus/.config/nvim/lua
[18:28:54.294][info] [#0:script/workspace/loading.lua:183]: Loaded finish:	file:///Users/magnus/.config/nvim/lua
[18:28:54.294][info] [#0:script/workspace/workspace.lua:379]: Preload finish at:	file:///Users/magnus/.config/nvim/lua
[18:28:54.304][info] [#0:script/provider/diagnostic.lua:557]: Diagnostics scope [file:///Users/magnus/.config/nvim/lua], files count:[33]
[18:28:54.338][info] [#0:script/provider/diagnostic.lua:574]: Diagnostics scope [file:///Users/magnus/.config/nvim/lua] finished, takes [0.034] sec.
[18:28:56.846][info] [#0:script/provider/provider.lua:169]: Server shutdown.
[18:28:56.846][warn] [#0:script/pub/report.lua:25]: Load proto error:	Disconnected!
